2018-08-24 15:49:49,766 : INFO : [G_MLE] epoch = 1, average_train_NLL = 33.2179
2018-08-24 15:53:38,827 : INFO : [G_MLE] epoch = 2, average_train_NLL = 26.1486
2018-08-24 15:57:30,828 : INFO : [G_MLE] epoch = 3, average_train_NLL = 23.4550
2018-08-24 16:01:17,648 : INFO : [G_MLE] epoch = 4, average_train_NLL = 22.3990
2018-08-24 16:05:05,955 : INFO : [G_MLE] epoch = 5, average_train_NLL = 21.2488
2018-08-24 16:08:55,611 : INFO : [G_MLE] epoch = 6, average_train_NLL = 20.6304
2018-08-24 16:12:46,636 : INFO : [G_MLE] epoch = 7, average_train_NLL = 22.1323
2018-08-24 16:16:36,558 : INFO : [G_MLE] epoch = 8, average_train_NLL = 21.7457
2018-08-24 16:20:25,586 : INFO : [G_MLE] epoch = 9, average_train_NLL = 26.3840
2018-08-24 16:24:16,621 : INFO : [G_MLE] epoch = 10, average_train_NLL = 25.3656
2018-08-24 16:27:58,563 : INFO : [G_MLE] epoch = 11, average_train_NLL = 22.8756
2018-08-24 16:30:58,580 : INFO : [G_MLE] epoch = 12, average_train_NLL = 23.9055
2018-08-24 16:33:54,635 : INFO : [G_MLE] epoch = 13, average_train_NLL = 23.7510
2018-08-24 16:36:50,604 : INFO : [G_MLE] epoch = 14, average_train_NLL = 38.4454
2018-08-24 16:39:47,175 : INFO : [G_MLE] epoch = 15, average_train_NLL = 48.3918
2018-08-24 16:42:44,737 : INFO : [G_MLE] epoch = 16, average_train_NLL = 44.0907
2018-08-24 16:45:43,035 : INFO : [G_MLE] epoch = 17, average_train_NLL = 41.0200
2018-08-24 16:48:39,173 : INFO : [G_MLE] epoch = 18, average_train_NLL = 37.9351
2018-08-24 16:51:36,987 : INFO : [G_MLE] epoch = 19, average_train_NLL = 35.6154
2018-08-24 16:54:35,074 : INFO : [G_MLE] epoch = 20, average_train_NLL = 32.8986
2018-08-24 16:57:32,389 : INFO : [G_MLE] epoch = 21, average_train_NLL = 31.8405
2018-08-24 17:00:32,070 : INFO : [G_MLE] epoch = 22, average_train_NLL = 32.4658
2018-08-24 17:03:24,872 : INFO : [G_MLE] epoch = 23, average_train_NLL = 31.8855
2018-08-24 17:06:20,645 : INFO : [G_MLE] epoch = 24, average_train_NLL = 31.5984
2018-08-24 17:09:19,321 : INFO : [G_MLE] epoch = 25, average_train_NLL = 30.6212
2018-08-24 17:12:02,408 : INFO : [G_MLE] epoch = 26, average_train_NLL = 34.8407
2018-08-24 17:14:58,002 : INFO : [G_MLE] epoch = 27, average_train_NLL = 33.0760
2018-08-24 17:17:51,021 : INFO : [G_MLE] epoch = 28, average_train_NLL = 32.5804
2018-08-24 17:20:46,493 : INFO : [G_MLE] epoch = 29, average_train_NLL = 32.2443
2018-08-24 17:23:43,661 : INFO : [G_MLE] epoch = 30, average_train_NLL = 32.4454
2018-08-24 17:26:31,487 : INFO : [G_MLE] epoch = 31, average_train_NLL = 31.8309
2018-08-24 17:29:14,395 : INFO : [G_MLE] epoch = 32, average_train_NLL = 32.5023
2018-08-24 17:32:08,519 : INFO : [G_MLE] epoch = 33, average_train_NLL = 32.2980
2018-08-24 17:35:02,386 : INFO : [G_MLE] epoch = 34, average_train_NLL = 32.3335
2018-08-24 17:37:58,939 : INFO : [G_MLE] epoch = 35, average_train_NLL = 32.0358
2018-08-24 17:40:57,771 : INFO : [G_MLE] epoch = 36, average_train_NLL = 32.3120
2018-08-24 17:43:53,097 : INFO : [G_MLE] epoch = 37, average_train_NLL = 33.1948
2018-08-24 17:46:49,627 : INFO : [G_MLE] epoch = 38, average_train_NLL = 33.0658
2018-08-24 17:49:49,018 : INFO : [G_MLE] epoch = 39, average_train_NLL = 32.6920
2018-08-24 17:52:45,358 : INFO : [G_MLE] epoch = 40, average_train_NLL = 32.6171
2018-08-24 17:55:28,696 : INFO : [G_MLE] epoch = 41, average_train_NLL = 32.5665
2018-08-24 17:58:20,100 : INFO : [G_MLE] epoch = 42, average_train_NLL = 33.7548
2018-08-24 18:01:20,353 : INFO : [G_MLE] epoch = 43, average_train_NLL = 33.5351
2018-08-24 18:04:16,364 : INFO : [G_MLE] epoch = 44, average_train_NLL = 33.9515
2018-08-24 18:08:03,422 : INFO : [G_MLE] epoch = 45, average_train_NLL = 33.5123
2018-08-24 18:11:55,471 : INFO : [G_MLE] epoch = 46, average_train_NLL = 33.5757
2018-08-24 18:15:51,670 : INFO : [G_MLE] epoch = 47, average_train_NLL = 34.1302
2018-08-24 18:19:42,052 : INFO : [G_MLE] epoch = 48, average_train_NLL = 34.1729
2018-08-24 18:23:24,847 : INFO : [G_MLE] epoch = 49, average_train_NLL = 34.1627
2018-08-24 18:27:06,287 : INFO : [G_MLE] epoch = 50, average_train_NLL = 34.1209
2018-08-24 18:32:46,180 : INFO : [D] iter = -1, step = 0, epoch = 1, average_loss = 0.4360, train_acc = 0.8624, val_acc = 0.8701
2018-08-24 18:34:19,141 : INFO : [D] iter = -1, step = 0, epoch = 2, average_loss = 0.3883, train_acc = 0.9080, val_acc = 0.8795
2018-08-24 18:35:53,156 : INFO : [D] iter = -1, step = 0, epoch = 3, average_loss = 0.3736, train_acc = 0.9210, val_acc = 0.8879
2018-08-24 18:37:23,979 : INFO : [D] iter = -1, step = 0, epoch = 4, average_loss = 0.3640, train_acc = 0.9293, val_acc = 0.8927
2018-08-24 18:38:53,366 : INFO : [D] iter = -1, step = 0, epoch = 5, average_loss = 0.3566, train_acc = 0.9355, val_acc = 0.8946
2018-08-24 18:43:38,832 : INFO : [D] iter = -1, step = 1, epoch = 1, average_loss = 0.3694, train_acc = 0.9209, val_acc = 0.9023
2018-08-24 18:45:10,759 : INFO : [D] iter = -1, step = 1, epoch = 2, average_loss = 0.3620, train_acc = 0.9275, val_acc = 0.9083
2018-08-24 18:46:41,674 : INFO : [D] iter = -1, step = 1, epoch = 3, average_loss = 0.3567, train_acc = 0.9328, val_acc = 0.9125
2018-08-24 18:48:14,232 : INFO : [D] iter = -1, step = 1, epoch = 4, average_loss = 0.3524, train_acc = 0.9361, val_acc = 0.9147
2018-08-24 18:49:41,879 : INFO : [D] iter = -1, step = 1, epoch = 5, average_loss = 0.3487, train_acc = 0.9389, val_acc = 0.9160
2018-08-24 18:54:19,718 : INFO : [D] iter = -1, step = 2, epoch = 1, average_loss = 0.3596, train_acc = 0.9278, val_acc = 0.9225
2018-08-24 18:55:47,046 : INFO : [D] iter = -1, step = 2, epoch = 2, average_loss = 0.3539, train_acc = 0.9333, val_acc = 0.9235
2018-08-24 18:57:13,357 : INFO : [D] iter = -1, step = 2, epoch = 3, average_loss = 0.3500, train_acc = 0.9372, val_acc = 0.9241
2018-08-24 18:58:41,198 : INFO : [D] iter = -1, step = 2, epoch = 4, average_loss = 0.3467, train_acc = 0.9404, val_acc = 0.9242
2018-08-24 19:00:10,817 : INFO : [D] iter = -1, step = 2, epoch = 5, average_loss = 0.3437, train_acc = 0.9431, val_acc = 0.9243
2018-08-24 19:05:09,111 : INFO : [D] iter = -1, step = 3, epoch = 1, average_loss = 0.3507, train_acc = 0.9398, val_acc = 0.9259
2018-08-24 19:06:40,594 : INFO : [D] iter = -1, step = 3, epoch = 2, average_loss = 0.3469, train_acc = 0.9426, val_acc = 0.9270
2018-08-24 19:08:15,533 : INFO : [D] iter = -1, step = 3, epoch = 3, average_loss = 0.3442, train_acc = 0.9455, val_acc = 0.9272
2018-08-24 19:09:47,702 : INFO : [D] iter = -1, step = 3, epoch = 4, average_loss = 0.3418, train_acc = 0.9474, val_acc = 0.9277
2018-08-24 19:11:16,901 : INFO : [D] iter = -1, step = 3, epoch = 5, average_loss = 0.3397, train_acc = 0.9490, val_acc = 0.9276
2018-08-24 19:16:14,582 : INFO : [D] iter = -1, step = 4, epoch = 1, average_loss = 0.3434, train_acc = 0.9472, val_acc = 0.9278
2018-08-24 19:17:44,701 : INFO : [D] iter = -1, step = 4, epoch = 2, average_loss = 0.3407, train_acc = 0.9496, val_acc = 0.9282
2018-08-24 19:19:17,289 : INFO : [D] iter = -1, step = 4, epoch = 3, average_loss = 0.3387, train_acc = 0.9507, val_acc = 0.9283
2018-08-24 19:20:47,275 : INFO : [D] iter = -1, step = 4, epoch = 4, average_loss = 0.3369, train_acc = 0.9518, val_acc = 0.9280
2018-08-24 19:22:18,952 : INFO : [D] iter = -1, step = 4, epoch = 5, average_loss = 0.3348, train_acc = 0.9533, val_acc = 0.9278
2018-08-24 19:27:03,768 : INFO : [D] iter = -1, step = 5, epoch = 1, average_loss = 0.3409, train_acc = 0.9469, val_acc = 0.9288
2018-08-24 19:28:32,069 : INFO : [D] iter = -1, step = 5, epoch = 2, average_loss = 0.3382, train_acc = 0.9492, val_acc = 0.9296
2018-08-24 19:30:01,465 : INFO : [D] iter = -1, step = 5, epoch = 3, average_loss = 0.3362, train_acc = 0.9511, val_acc = 0.9294
2018-08-24 19:31:29,022 : INFO : [D] iter = -1, step = 5, epoch = 4, average_loss = 0.3343, train_acc = 0.9525, val_acc = 0.9302
2018-08-24 19:32:57,043 : INFO : [D] iter = -1, step = 5, epoch = 5, average_loss = 0.3327, train_acc = 0.9539, val_acc = 0.9306
2018-08-24 19:37:52,875 : INFO : [D] iter = -1, step = 6, epoch = 1, average_loss = 0.3373, train_acc = 0.9515, val_acc = 0.9316
2018-08-24 19:39:26,481 : INFO : [D] iter = -1, step = 6, epoch = 2, average_loss = 0.3352, train_acc = 0.9536, val_acc = 0.9309
2018-08-24 19:40:53,047 : INFO : [D] iter = -1, step = 6, epoch = 3, average_loss = 0.3335, train_acc = 0.9548, val_acc = 0.9311
2018-08-24 19:42:25,583 : INFO : [D] iter = -1, step = 6, epoch = 4, average_loss = 0.3320, train_acc = 0.9561, val_acc = 0.9307
2018-08-24 19:43:59,294 : INFO : [D] iter = -1, step = 6, epoch = 5, average_loss = 0.3307, train_acc = 0.9572, val_acc = 0.9308
2018-08-24 19:48:40,374 : INFO : [D] iter = -1, step = 7, epoch = 1, average_loss = 0.3413, train_acc = 0.9447, val_acc = 0.9310
2018-08-24 19:50:12,263 : INFO : [D] iter = -1, step = 7, epoch = 2, average_loss = 0.3387, train_acc = 0.9472, val_acc = 0.9317
2018-08-24 19:51:40,013 : INFO : [D] iter = -1, step = 7, epoch = 3, average_loss = 0.3365, train_acc = 0.9489, val_acc = 0.9323
2018-08-24 19:53:10,200 : INFO : [D] iter = -1, step = 7, epoch = 4, average_loss = 0.3347, train_acc = 0.9505, val_acc = 0.9322
2018-08-24 19:54:40,902 : INFO : [D] iter = -1, step = 7, epoch = 5, average_loss = 0.3331, train_acc = 0.9522, val_acc = 0.9326
2018-08-24 19:59:19,115 : INFO : [D] iter = -1, step = 8, epoch = 1, average_loss = 0.3317, train_acc = 0.9554, val_acc = 0.9342
2018-08-24 20:00:49,608 : INFO : [D] iter = -1, step = 8, epoch = 2, average_loss = 0.3300, train_acc = 0.9571, val_acc = 0.9350
2018-08-24 20:02:19,624 : INFO : [D] iter = -1, step = 8, epoch = 3, average_loss = 0.3284, train_acc = 0.9584, val_acc = 0.9352
2018-08-24 20:03:49,386 : INFO : [D] iter = -1, step = 8, epoch = 4, average_loss = 0.3271, train_acc = 0.9595, val_acc = 0.9357
2018-08-24 20:05:17,640 : INFO : [D] iter = -1, step = 8, epoch = 5, average_loss = 0.3259, train_acc = 0.9603, val_acc = 0.9365
2018-08-24 20:10:13,123 : INFO : [D] iter = -1, step = 9, epoch = 1, average_loss = 0.3317, train_acc = 0.9567, val_acc = 0.9350
2018-08-24 20:11:43,985 : INFO : [D] iter = -1, step = 9, epoch = 2, average_loss = 0.3301, train_acc = 0.9580, val_acc = 0.9350
2018-08-24 20:13:18,592 : INFO : [D] iter = -1, step = 9, epoch = 3, average_loss = 0.3290, train_acc = 0.9592, val_acc = 0.9350
2018-08-24 20:14:52,357 : INFO : [D] iter = -1, step = 9, epoch = 4, average_loss = 0.3276, train_acc = 0.9599, val_acc = 0.9350
2018-08-24 20:16:25,561 : INFO : [D] iter = -1, step = 9, epoch = 5, average_loss = 0.3265, train_acc = 0.9610, val_acc = 0.9350
2018-08-24 20:16:39,781 : INFO : [G_PG] iter = 0, average_train_NLL = 8.1091
2018-08-24 20:22:08,281 : INFO : [D] iter = 0, step = 0, epoch = 1, average_loss = 0.3310, train_acc = 0.9538, val_acc = 0.9589
2018-08-24 20:23:42,864 : INFO : [D] iter = 0, step = 0, epoch = 2, average_loss = 0.3290, train_acc = 0.9556, val_acc = 0.9586
2018-08-24 20:25:16,566 : INFO : [D] iter = 0, step = 0, epoch = 3, average_loss = 0.3277, train_acc = 0.9565, val_acc = 0.9584
2018-08-24 20:30:03,356 : INFO : [D] iter = 0, step = 1, epoch = 1, average_loss = 0.3309, train_acc = 0.9548, val_acc = 0.9586
2018-08-24 20:31:37,427 : INFO : [D] iter = 0, step = 1, epoch = 2, average_loss = 0.3292, train_acc = 0.9565, val_acc = 0.9582
2018-08-24 20:33:12,149 : INFO : [D] iter = 0, step = 1, epoch = 3, average_loss = 0.3278, train_acc = 0.9576, val_acc = 0.9582
2018-08-24 20:37:50,207 : INFO : [D] iter = 0, step = 2, epoch = 1, average_loss = 0.3300, train_acc = 0.9541, val_acc = 0.9572
2018-08-24 20:39:23,368 : INFO : [D] iter = 0, step = 2, epoch = 2, average_loss = 0.3280, train_acc = 0.9556, val_acc = 0.9562
2018-08-24 20:40:58,327 : INFO : [D] iter = 0, step = 2, epoch = 3, average_loss = 0.3264, train_acc = 0.9573, val_acc = 0.9553
2018-08-24 20:41:13,306 : INFO : [G_PG] iter = 1, average_train_NLL = 9.7123
2018-08-24 20:46:42,032 : INFO : [D] iter = 1, step = 0, epoch = 1, average_loss = 0.3247, train_acc = 0.9598, val_acc = 0.9586
2018-08-24 20:48:18,885 : INFO : [D] iter = 1, step = 0, epoch = 2, average_loss = 0.3234, train_acc = 0.9608, val_acc = 0.9589
2018-08-24 20:49:58,924 : INFO : [D] iter = 1, step = 0, epoch = 3, average_loss = 0.3223, train_acc = 0.9619, val_acc = 0.9592
2018-08-24 20:55:03,394 : INFO : [D] iter = 1, step = 1, epoch = 1, average_loss = 0.3218, train_acc = 0.9633, val_acc = 0.9581
2018-08-24 20:56:40,983 : INFO : [D] iter = 1, step = 1, epoch = 2, average_loss = 0.3204, train_acc = 0.9643, val_acc = 0.9582
2018-08-24 20:58:18,510 : INFO : [D] iter = 1, step = 1, epoch = 3, average_loss = 0.3192, train_acc = 0.9653, val_acc = 0.9577
2018-08-24 21:03:07,608 : INFO : [D] iter = 1, step = 2, epoch = 1, average_loss = 0.3264, train_acc = 0.9578, val_acc = 0.9592
2018-08-24 21:04:47,858 : INFO : [D] iter = 1, step = 2, epoch = 2, average_loss = 0.3246, train_acc = 0.9591, val_acc = 0.9598
2018-08-24 21:06:26,279 : INFO : [D] iter = 1, step = 2, epoch = 3, average_loss = 0.3232, train_acc = 0.9607, val_acc = 0.9600
2018-08-24 21:06:41,306 : INFO : [G_PG] iter = 2, average_train_NLL = 9.3222
2018-08-24 21:12:31,681 : INFO : [D] iter = 2, step = 0, epoch = 1, average_loss = 0.3187, train_acc = 0.9663, val_acc = 0.9620
2018-08-24 21:14:11,359 : INFO : [D] iter = 2, step = 0, epoch = 2, average_loss = 0.3175, train_acc = 0.9674, val_acc = 0.9620
2018-08-24 21:15:51,816 : INFO : [D] iter = 2, step = 0, epoch = 3, average_loss = 0.3166, train_acc = 0.9681, val_acc = 0.9621
2018-08-24 21:20:50,815 : INFO : [D] iter = 2, step = 1, epoch = 1, average_loss = 0.3209, train_acc = 0.9659, val_acc = 0.9635
2018-08-24 21:22:33,231 : INFO : [D] iter = 2, step = 1, epoch = 2, average_loss = 0.3195, train_acc = 0.9669, val_acc = 0.9630
2018-08-24 21:24:15,555 : INFO : [D] iter = 2, step = 1, epoch = 3, average_loss = 0.3185, train_acc = 0.9680, val_acc = 0.9632
2018-08-24 21:29:23,678 : INFO : [D] iter = 2, step = 2, epoch = 1, average_loss = 0.3177, train_acc = 0.9689, val_acc = 0.9625
2018-08-24 21:31:02,758 : INFO : [D] iter = 2, step = 2, epoch = 2, average_loss = 0.3167, train_acc = 0.9696, val_acc = 0.9622
2018-08-24 21:32:42,463 : INFO : [D] iter = 2, step = 2, epoch = 3, average_loss = 0.3159, train_acc = 0.9699, val_acc = 0.9621
2018-08-24 21:32:57,071 : INFO : [G_PG] iter = 3, average_train_NLL = 8.5198
2018-08-24 21:38:33,806 : INFO : [D] iter = 3, step = 0, epoch = 1, average_loss = 0.3145, train_acc = 0.9706, val_acc = 0.9638
2018-08-24 21:40:11,047 : INFO : [D] iter = 3, step = 0, epoch = 2, average_loss = 0.3136, train_acc = 0.9712, val_acc = 0.9639
2018-08-24 21:41:47,520 : INFO : [D] iter = 3, step = 0, epoch = 3, average_loss = 0.3127, train_acc = 0.9719, val_acc = 0.9640
2018-08-24 21:46:44,888 : INFO : [D] iter = 3, step = 1, epoch = 1, average_loss = 0.3108, train_acc = 0.9753, val_acc = 0.9665
2018-08-24 21:48:22,781 : INFO : [D] iter = 3, step = 1, epoch = 2, average_loss = 0.3100, train_acc = 0.9760, val_acc = 0.9662
2018-08-24 21:50:00,198 : INFO : [D] iter = 3, step = 1, epoch = 3, average_loss = 0.3095, train_acc = 0.9766, val_acc = 0.9661
2018-08-24 21:55:03,495 : INFO : [D] iter = 3, step = 2, epoch = 1, average_loss = 0.3111, train_acc = 0.9746, val_acc = 0.9660
2018-08-24 21:56:46,270 : INFO : [D] iter = 3, step = 2, epoch = 2, average_loss = 0.3102, train_acc = 0.9752, val_acc = 0.9658
2018-08-24 21:58:26,478 : INFO : [D] iter = 3, step = 2, epoch = 3, average_loss = 0.3095, train_acc = 0.9756, val_acc = 0.9657
2018-08-24 21:58:40,971 : INFO : [G_PG] iter = 4, average_train_NLL = 7.4940
2018-08-24 22:04:20,988 : INFO : [D] iter = 4, step = 0, epoch = 1, average_loss = 0.3124, train_acc = 0.9723, val_acc = 0.9771
2018-08-24 22:06:01,528 : INFO : [D] iter = 4, step = 0, epoch = 2, average_loss = 0.3112, train_acc = 0.9732, val_acc = 0.9768
2018-08-24 22:07:42,922 : INFO : [D] iter = 4, step = 0, epoch = 3, average_loss = 0.3103, train_acc = 0.9741, val_acc = 0.9765
2018-08-24 22:12:32,748 : INFO : [D] iter = 4, step = 1, epoch = 1, average_loss = 0.3104, train_acc = 0.9749, val_acc = 0.9777
2018-08-24 22:14:13,687 : INFO : [D] iter = 4, step = 1, epoch = 2, average_loss = 0.3094, train_acc = 0.9759, val_acc = 0.9774
2018-08-24 22:15:54,578 : INFO : [D] iter = 4, step = 1, epoch = 3, average_loss = 0.3088, train_acc = 0.9766, val_acc = 0.9772
2018-08-24 22:20:47,364 : INFO : [D] iter = 4, step = 2, epoch = 1, average_loss = 0.3100, train_acc = 0.9733, val_acc = 0.9772
2018-08-24 22:22:26,645 : INFO : [D] iter = 4, step = 2, epoch = 2, average_loss = 0.3089, train_acc = 0.9743, val_acc = 0.9769
2018-08-24 22:24:07,279 : INFO : [D] iter = 4, step = 2, epoch = 3, average_loss = 0.3083, train_acc = 0.9750, val_acc = 0.9772
2018-08-24 22:24:21,944 : INFO : [G_PG] iter = 5, average_train_NLL = 6.5694
2018-08-24 22:29:47,904 : INFO : [D] iter = 5, step = 0, epoch = 1, average_loss = 0.3056, train_acc = 0.9795, val_acc = 0.9706
2018-08-24 22:31:28,704 : INFO : [D] iter = 5, step = 0, epoch = 2, average_loss = 0.3048, train_acc = 0.9798, val_acc = 0.9703
2018-08-24 22:33:10,499 : INFO : [D] iter = 5, step = 0, epoch = 3, average_loss = 0.3041, train_acc = 0.9803, val_acc = 0.9704
2018-08-24 22:38:18,284 : INFO : [D] iter = 5, step = 1, epoch = 1, average_loss = 0.3023, train_acc = 0.9817, val_acc = 0.9709
2018-08-24 22:39:58,536 : INFO : [D] iter = 5, step = 1, epoch = 2, average_loss = 0.3014, train_acc = 0.9818, val_acc = 0.9708
2018-08-24 22:41:38,844 : INFO : [D] iter = 5, step = 1, epoch = 3, average_loss = 0.3009, train_acc = 0.9821, val_acc = 0.9707
2018-08-24 22:46:25,806 : INFO : [D] iter = 5, step = 2, epoch = 1, average_loss = 0.3078, train_acc = 0.9762, val_acc = 0.9702
2018-08-24 22:48:03,836 : INFO : [D] iter = 5, step = 2, epoch = 2, average_loss = 0.3071, train_acc = 0.9771, val_acc = 0.9703
2018-08-24 22:49:39,856 : INFO : [D] iter = 5, step = 2, epoch = 3, average_loss = 0.3062, train_acc = 0.9778, val_acc = 0.9699
2018-08-24 22:49:54,416 : INFO : [G_PG] iter = 6, average_train_NLL = 7.7056
2018-08-24 22:55:24,549 : INFO : [D] iter = 6, step = 0, epoch = 1, average_loss = 0.3010, train_acc = 0.9829, val_acc = 0.9787
2018-08-24 22:57:04,000 : INFO : [D] iter = 6, step = 0, epoch = 2, average_loss = 0.3001, train_acc = 0.9833, val_acc = 0.9787
2018-08-24 22:58:44,347 : INFO : [D] iter = 6, step = 0, epoch = 3, average_loss = 0.2995, train_acc = 0.9835, val_acc = 0.9785
2018-08-24 23:03:54,236 : INFO : [D] iter = 6, step = 1, epoch = 1, average_loss = 0.2916, train_acc = 0.9908, val_acc = 0.9784
2018-08-24 23:05:33,517 : INFO : [D] iter = 6, step = 1, epoch = 2, average_loss = 0.2911, train_acc = 0.9908, val_acc = 0.9784
2018-08-24 23:07:13,807 : INFO : [D] iter = 6, step = 1, epoch = 3, average_loss = 0.2906, train_acc = 0.9910, val_acc = 0.9784
2018-08-24 23:12:17,126 : INFO : [D] iter = 6, step = 2, epoch = 1, average_loss = 0.2916, train_acc = 0.9909, val_acc = 0.9784
2018-08-24 23:13:56,616 : INFO : [D] iter = 6, step = 2, epoch = 2, average_loss = 0.2912, train_acc = 0.9910, val_acc = 0.9784
2018-08-24 23:15:38,475 : INFO : [D] iter = 6, step = 2, epoch = 3, average_loss = 0.2908, train_acc = 0.9912, val_acc = 0.9784
2018-08-24 23:15:52,913 : INFO : [G_PG] iter = 7, average_train_NLL = 6.0871
2018-08-24 23:21:29,710 : INFO : [D] iter = 7, step = 0, epoch = 1, average_loss = 0.2852, train_acc = 0.9961, val_acc = 0.9815
2018-08-24 23:23:06,896 : INFO : [D] iter = 7, step = 0, epoch = 2, average_loss = 0.2845, train_acc = 0.9961, val_acc = 0.9808
2018-08-24 23:24:46,959 : INFO : [D] iter = 7, step = 0, epoch = 3, average_loss = 0.2842, train_acc = 0.9963, val_acc = 0.9808
2018-08-24 23:29:36,220 : INFO : [D] iter = 7, step = 1, epoch = 1, average_loss = 0.2891, train_acc = 0.9925, val_acc = 0.9812
2018-08-24 23:31:13,734 : INFO : [D] iter = 7, step = 1, epoch = 2, average_loss = 0.2887, train_acc = 0.9929, val_acc = 0.9816
2018-08-24 23:32:50,928 : INFO : [D] iter = 7, step = 1, epoch = 3, average_loss = 0.2884, train_acc = 0.9931, val_acc = 0.9820
2018-08-24 23:37:50,668 : INFO : [D] iter = 7, step = 2, epoch = 1, average_loss = 0.2845, train_acc = 0.9966, val_acc = 0.9813
2018-08-24 23:39:33,265 : INFO : [D] iter = 7, step = 2, epoch = 2, average_loss = 0.2841, train_acc = 0.9965, val_acc = 0.9811
2018-08-24 23:41:11,001 : INFO : [D] iter = 7, step = 2, epoch = 3, average_loss = 0.2838, train_acc = 0.9966, val_acc = 0.9809
2018-08-24 23:41:25,365 : INFO : [G_PG] iter = 8, average_train_NLL = 5.8637
2018-08-24 23:46:52,549 : INFO : [D] iter = 8, step = 0, epoch = 1, average_loss = 0.2853, train_acc = 0.9944, val_acc = 0.9896
2018-08-24 23:48:27,604 : INFO : [D] iter = 8, step = 0, epoch = 2, average_loss = 0.2851, train_acc = 0.9945, val_acc = 0.9896
2018-08-24 23:50:05,822 : INFO : [D] iter = 8, step = 0, epoch = 3, average_loss = 0.2846, train_acc = 0.9946, val_acc = 0.9897
2018-08-24 23:55:00,149 : INFO : [D] iter = 8, step = 1, epoch = 1, average_loss = 0.2826, train_acc = 0.9985, val_acc = 0.9886
2018-08-24 23:56:40,038 : INFO : [D] iter = 8, step = 1, epoch = 2, average_loss = 0.2818, train_acc = 0.9986, val_acc = 0.9873
2018-08-24 23:58:18,861 : INFO : [D] iter = 8, step = 1, epoch = 3, average_loss = 0.2816, train_acc = 0.9987, val_acc = 0.9873
2018-08-25 00:03:08,176 : INFO : [D] iter = 8, step = 2, epoch = 1, average_loss = 0.2826, train_acc = 0.9985, val_acc = 0.9875
2018-08-25 00:04:49,308 : INFO : [D] iter = 8, step = 2, epoch = 2, average_loss = 0.2825, train_acc = 0.9985, val_acc = 0.9877
2018-08-25 00:06:30,274 : INFO : [D] iter = 8, step = 2, epoch = 3, average_loss = 0.2821, train_acc = 0.9986, val_acc = 0.9878
2018-08-25 00:06:44,305 : INFO : [G_PG] iter = 9, average_train_NLL = 5.0407
2018-08-25 00:12:09,975 : INFO : [D] iter = 9, step = 0, epoch = 1, average_loss = 0.2830, train_acc = 0.9981, val_acc = 0.9924
2018-08-25 00:13:49,968 : INFO : [D] iter = 9, step = 0, epoch = 2, average_loss = 0.2825, train_acc = 0.9982, val_acc = 0.9925
2018-08-25 00:15:29,213 : INFO : [D] iter = 9, step = 0, epoch = 3, average_loss = 0.2823, train_acc = 0.9983, val_acc = 0.9923
2018-08-25 00:20:18,955 : INFO : [D] iter = 9, step = 1, epoch = 1, average_loss = 0.2814, train_acc = 0.9994, val_acc = 0.9914
2018-08-25 00:21:57,481 : INFO : [D] iter = 9, step = 1, epoch = 2, average_loss = 0.2809, train_acc = 0.9995, val_acc = 0.9911
2018-08-25 00:23:36,520 : INFO : [D] iter = 9, step = 1, epoch = 3, average_loss = 0.2806, train_acc = 0.9995, val_acc = 0.9908
2018-08-25 00:28:20,549 : INFO : [D] iter = 9, step = 2, epoch = 1, average_loss = 0.2808, train_acc = 0.9994, val_acc = 0.9907
2018-08-25 00:30:01,046 : INFO : [D] iter = 9, step = 2, epoch = 2, average_loss = 0.2804, train_acc = 0.9994, val_acc = 0.9905
2018-08-25 00:31:41,486 : INFO : [D] iter = 9, step = 2, epoch = 3, average_loss = 0.2802, train_acc = 0.9994, val_acc = 0.9901
2018-08-25 10:46:21,891 : INFO : [G_PG] iter = 10, average_train_NLL = 10.3062
2018-08-25 10:52:00,935 : INFO : [D] iter = 10, step = 0, epoch = 1, average_loss = 0.3191, train_acc = 0.9682, val_acc = 0.9681
2018-08-25 10:53:10,623 : INFO : [D] iter = 10, step = 0, epoch = 2, average_loss = 0.3114, train_acc = 0.9743, val_acc = 0.9694
2018-08-25 10:54:21,352 : INFO : [D] iter = 10, step = 0, epoch = 3, average_loss = 0.3076, train_acc = 0.9768, val_acc = 0.9703
2018-08-25 10:58:44,432 : INFO : [D] iter = 10, step = 1, epoch = 1, average_loss = 0.3185, train_acc = 0.9673, val_acc = 0.9721
2018-08-25 10:59:50,982 : INFO : [D] iter = 10, step = 1, epoch = 2, average_loss = 0.3149, train_acc = 0.9717, val_acc = 0.9688
2018-08-25 11:00:56,840 : INFO : [D] iter = 10, step = 1, epoch = 3, average_loss = 0.3113, train_acc = 0.9736, val_acc = 0.9676
2018-08-25 11:05:23,210 : INFO : [D] iter = 10, step = 2, epoch = 1, average_loss = 0.3145, train_acc = 0.9707, val_acc = 0.9715
2018-08-25 11:06:31,249 : INFO : [D] iter = 10, step = 2, epoch = 2, average_loss = 0.3114, train_acc = 0.9731, val_acc = 0.9730
2018-08-25 11:07:39,614 : INFO : [D] iter = 10, step = 2, epoch = 3, average_loss = 0.3092, train_acc = 0.9749, val_acc = 0.9734
2018-08-25 11:07:54,236 : INFO : [G_PG] iter = 11, average_train_NLL = 5.3902
2018-08-25 11:13:25,313 : INFO : [D] iter = 11, step = 0, epoch = 1, average_loss = 0.3038, train_acc = 0.9815, val_acc = 0.9839
2018-08-25 11:14:30,634 : INFO : [D] iter = 11, step = 0, epoch = 2, average_loss = 0.3021, train_acc = 0.9827, val_acc = 0.9838
2018-08-25 11:15:35,135 : INFO : [D] iter = 11, step = 0, epoch = 3, average_loss = 0.3005, train_acc = 0.9836, val_acc = 0.9840
2018-08-25 11:20:05,639 : INFO : [D] iter = 11, step = 1, epoch = 1, average_loss = 0.2994, train_acc = 0.9850, val_acc = 0.9841
2018-08-25 11:21:13,251 : INFO : [D] iter = 11, step = 1, epoch = 2, average_loss = 0.2978, train_acc = 0.9862, val_acc = 0.9842
2018-08-25 11:22:20,343 : INFO : [D] iter = 11, step = 1, epoch = 3, average_loss = 0.2967, train_acc = 0.9868, val_acc = 0.9842
2018-08-25 11:27:02,455 : INFO : [D] iter = 11, step = 2, epoch = 1, average_loss = 0.3017, train_acc = 0.9824, val_acc = 0.9848
2018-08-25 11:28:09,322 : INFO : [D] iter = 11, step = 2, epoch = 2, average_loss = 0.3001, train_acc = 0.9833, val_acc = 0.9847
2018-08-25 11:29:13,245 : INFO : [D] iter = 11, step = 2, epoch = 3, average_loss = 0.2989, train_acc = 0.9839, val_acc = 0.9846
2018-08-25 11:29:27,522 : INFO : [G_PG] iter = 12, average_train_NLL = 4.5145
2018-08-25 11:34:44,886 : INFO : [D] iter = 12, step = 0, epoch = 1, average_loss = 0.2965, train_acc = 0.9872, val_acc = 0.9900
2018-08-25 11:35:51,867 : INFO : [D] iter = 12, step = 0, epoch = 2, average_loss = 0.2948, train_acc = 0.9880, val_acc = 0.9905
2018-08-25 11:37:00,414 : INFO : [D] iter = 12, step = 0, epoch = 3, average_loss = 0.2938, train_acc = 0.9886, val_acc = 0.9910
2018-08-25 11:41:44,844 : INFO : [D] iter = 12, step = 1, epoch = 1, average_loss = 0.2893, train_acc = 0.9928, val_acc = 0.9896
2018-08-25 11:42:56,845 : INFO : [D] iter = 12, step = 1, epoch = 2, average_loss = 0.2884, train_acc = 0.9932, val_acc = 0.9895
2018-08-25 11:44:07,756 : INFO : [D] iter = 12, step = 1, epoch = 3, average_loss = 0.2877, train_acc = 0.9936, val_acc = 0.9898
2018-08-25 11:48:48,010 : INFO : [D] iter = 12, step = 2, epoch = 1, average_loss = 0.2904, train_acc = 0.9931, val_acc = 0.9908
2018-08-25 11:49:57,716 : INFO : [D] iter = 12, step = 2, epoch = 2, average_loss = 0.2897, train_acc = 0.9935, val_acc = 0.9906
2018-08-25 11:51:09,778 : INFO : [D] iter = 12, step = 2, epoch = 3, average_loss = 0.2889, train_acc = 0.9938, val_acc = 0.9906
2018-08-25 11:51:24,964 : INFO : [G_PG] iter = 13, average_train_NLL = 4.7865
2018-08-25 11:57:07,313 : INFO : [D] iter = 13, step = 0, epoch = 1, average_loss = 0.2891, train_acc = 0.9924, val_acc = 0.9912
2018-08-25 11:58:17,168 : INFO : [D] iter = 13, step = 0, epoch = 2, average_loss = 0.2883, train_acc = 0.9927, val_acc = 0.9912
2018-08-25 11:59:25,627 : INFO : [D] iter = 13, step = 0, epoch = 3, average_loss = 0.2874, train_acc = 0.9932, val_acc = 0.9911
2018-08-25 12:04:08,061 : INFO : [D] iter = 13, step = 1, epoch = 1, average_loss = 0.2847, train_acc = 0.9966, val_acc = 0.9921
2018-08-25 12:05:19,007 : INFO : [D] iter = 13, step = 1, epoch = 2, average_loss = 0.2838, train_acc = 0.9968, val_acc = 0.9920
2018-08-25 12:06:31,413 : INFO : [D] iter = 13, step = 1, epoch = 3, average_loss = 0.2833, train_acc = 0.9969, val_acc = 0.9918
2018-08-25 12:10:55,666 : INFO : [D] iter = 13, step = 2, epoch = 1, average_loss = 0.2884, train_acc = 0.9938, val_acc = 0.9911
2018-08-25 12:12:04,497 : INFO : [D] iter = 13, step = 2, epoch = 2, average_loss = 0.2873, train_acc = 0.9942, val_acc = 0.9914
2018-08-25 12:13:12,961 : INFO : [D] iter = 13, step = 2, epoch = 3, average_loss = 0.2867, train_acc = 0.9944, val_acc = 0.9916
2018-08-25 12:13:28,956 : INFO : [G_PG] iter = 14, average_train_NLL = 3.3075
2018-08-25 12:18:56,385 : INFO : [D] iter = 14, step = 0, epoch = 1, average_loss = 0.2832, train_acc = 0.9977, val_acc = 0.9928
2018-08-25 12:20:06,345 : INFO : [D] iter = 14, step = 0, epoch = 2, average_loss = 0.2824, train_acc = 0.9978, val_acc = 0.9926
2018-08-25 12:21:16,924 : INFO : [D] iter = 14, step = 0, epoch = 3, average_loss = 0.2821, train_acc = 0.9979, val_acc = 0.9926
2018-08-25 12:25:47,073 : INFO : [D] iter = 14, step = 1, epoch = 1, average_loss = 0.2848, train_acc = 0.9970, val_acc = 0.9927
2018-08-25 12:26:56,601 : INFO : [D] iter = 14, step = 1, epoch = 2, average_loss = 0.2841, train_acc = 0.9971, val_acc = 0.9927
2018-08-25 12:28:06,613 : INFO : [D] iter = 14, step = 1, epoch = 3, average_loss = 0.2834, train_acc = 0.9972, val_acc = 0.9927
2018-08-25 12:33:03,339 : INFO : [D] iter = 14, step = 2, epoch = 1, average_loss = 0.2829, train_acc = 0.9984, val_acc = 0.9925
2018-08-25 12:34:14,719 : INFO : [D] iter = 14, step = 2, epoch = 2, average_loss = 0.2823, train_acc = 0.9986, val_acc = 0.9925
2018-08-25 12:35:28,291 : INFO : [D] iter = 14, step = 2, epoch = 3, average_loss = 0.2817, train_acc = 0.9986, val_acc = 0.9925
2018-08-25 12:35:43,252 : INFO : [G_PG] iter = 15, average_train_NLL = 3.0032
2018-08-25 12:41:01,305 : INFO : [D] iter = 15, step = 0, epoch = 1, average_loss = 0.2838, train_acc = 0.9970, val_acc = 0.9965
2018-08-25 12:42:10,137 : INFO : [D] iter = 15, step = 0, epoch = 2, average_loss = 0.2829, train_acc = 0.9971, val_acc = 0.9966
2018-08-25 12:43:19,023 : INFO : [D] iter = 15, step = 0, epoch = 3, average_loss = 0.2824, train_acc = 0.9973, val_acc = 0.9966
2018-08-25 12:47:53,716 : INFO : [D] iter = 15, step = 1, epoch = 1, average_loss = 0.2833, train_acc = 0.9985, val_acc = 0.9965
2018-08-25 12:49:00,895 : INFO : [D] iter = 15, step = 1, epoch = 2, average_loss = 0.2826, train_acc = 0.9985, val_acc = 0.9964
2018-08-25 12:50:09,142 : INFO : [D] iter = 15, step = 1, epoch = 3, average_loss = 0.2823, train_acc = 0.9986, val_acc = 0.9964
2018-08-25 12:54:58,425 : INFO : [D] iter = 15, step = 2, epoch = 1, average_loss = 0.2833, train_acc = 0.9966, val_acc = 0.9967
2018-08-25 12:56:03,378 : INFO : [D] iter = 15, step = 2, epoch = 2, average_loss = 0.2826, train_acc = 0.9968, val_acc = 0.9968
2018-08-25 12:57:09,397 : INFO : [D] iter = 15, step = 2, epoch = 3, average_loss = 0.2819, train_acc = 0.9969, val_acc = 0.9968
2018-08-25 12:57:24,110 : INFO : [G_PG] iter = 16, average_train_NLL = 2.2150
2018-08-25 13:02:22,163 : INFO : [D] iter = 16, step = 0, epoch = 1, average_loss = 0.2846, train_acc = 0.9976, val_acc = 0.9961
2018-08-25 13:03:25,404 : INFO : [D] iter = 16, step = 0, epoch = 2, average_loss = 0.2839, train_acc = 0.9977, val_acc = 0.9961
2018-08-25 13:04:28,707 : INFO : [D] iter = 16, step = 0, epoch = 3, average_loss = 0.2834, train_acc = 0.9978, val_acc = 0.9961
2018-08-25 13:08:59,711 : INFO : [D] iter = 16, step = 1, epoch = 1, average_loss = 0.2808, train_acc = 0.9990, val_acc = 0.9960
2018-08-25 13:10:07,608 : INFO : [D] iter = 16, step = 1, epoch = 2, average_loss = 0.2806, train_acc = 0.9990, val_acc = 0.9959
2018-08-25 13:11:15,353 : INFO : [D] iter = 16, step = 1, epoch = 3, average_loss = 0.2801, train_acc = 0.9990, val_acc = 0.9959
2018-08-25 13:15:46,854 : INFO : [D] iter = 16, step = 2, epoch = 1, average_loss = 0.2822, train_acc = 0.9991, val_acc = 0.9960
2018-08-25 13:16:54,953 : INFO : [D] iter = 16, step = 2, epoch = 2, average_loss = 0.2817, train_acc = 0.9991, val_acc = 0.9961
2018-08-25 13:18:02,480 : INFO : [D] iter = 16, step = 2, epoch = 3, average_loss = 0.2814, train_acc = 0.9992, val_acc = 0.9961
2018-08-25 13:18:16,988 : INFO : [G_PG] iter = 17, average_train_NLL = 2.0717
2018-08-25 13:24:02,567 : INFO : [D] iter = 17, step = 0, epoch = 1, average_loss = 0.2818, train_acc = 0.9988, val_acc = 0.9964
2018-08-25 13:25:08,788 : INFO : [D] iter = 17, step = 0, epoch = 2, average_loss = 0.2811, train_acc = 0.9988, val_acc = 0.9964
2018-08-25 13:26:15,770 : INFO : [D] iter = 17, step = 0, epoch = 3, average_loss = 0.2807, train_acc = 0.9989, val_acc = 0.9964
2018-08-25 13:30:47,031 : INFO : [D] iter = 17, step = 1, epoch = 1, average_loss = 0.2803, train_acc = 0.9993, val_acc = 0.9962
2018-08-25 13:31:53,937 : INFO : [D] iter = 17, step = 1, epoch = 2, average_loss = 0.2798, train_acc = 0.9994, val_acc = 0.9962
2018-08-25 13:33:00,061 : INFO : [D] iter = 17, step = 1, epoch = 3, average_loss = 0.2794, train_acc = 0.9994, val_acc = 0.9962
2018-08-25 13:37:29,505 : INFO : [D] iter = 17, step = 2, epoch = 1, average_loss = 0.2813, train_acc = 0.9992, val_acc = 0.9963
2018-08-25 13:38:34,185 : INFO : [D] iter = 17, step = 2, epoch = 2, average_loss = 0.2806, train_acc = 0.9992, val_acc = 0.9964
2018-08-25 13:39:39,379 : INFO : [D] iter = 17, step = 2, epoch = 3, average_loss = 0.2804, train_acc = 0.9993, val_acc = 0.9964
2018-08-25 13:39:53,809 : INFO : [G_PG] iter = 18, average_train_NLL = 2.0881
2018-08-25 13:45:06,043 : INFO : [D] iter = 18, step = 0, epoch = 1, average_loss = 0.2802, train_acc = 0.9994, val_acc = 0.9977
2018-08-25 13:46:12,754 : INFO : [D] iter = 18, step = 0, epoch = 2, average_loss = 0.2798, train_acc = 0.9994, val_acc = 0.9977
2018-08-25 13:47:19,722 : INFO : [D] iter = 18, step = 0, epoch = 3, average_loss = 0.2794, train_acc = 0.9995, val_acc = 0.9977
2018-08-25 13:51:37,755 : INFO : [D] iter = 18, step = 1, epoch = 1, average_loss = 0.2814, train_acc = 0.9987, val_acc = 0.9977
2018-08-25 13:52:42,963 : INFO : [D] iter = 18, step = 1, epoch = 2, average_loss = 0.2806, train_acc = 0.9987, val_acc = 0.9977
2018-08-25 13:53:47,615 : INFO : [D] iter = 18, step = 1, epoch = 3, average_loss = 0.2802, train_acc = 0.9988, val_acc = 0.9977
2018-08-25 13:58:18,258 : INFO : [D] iter = 18, step = 2, epoch = 1, average_loss = 0.2798, train_acc = 0.9994, val_acc = 0.9977
2018-08-25 13:59:24,776 : INFO : [D] iter = 18, step = 2, epoch = 2, average_loss = 0.2793, train_acc = 0.9994, val_acc = 0.9977
2018-08-25 14:00:31,781 : INFO : [D] iter = 18, step = 2, epoch = 3, average_loss = 0.2788, train_acc = 0.9994, val_acc = 0.9977
2018-08-25 14:00:46,176 : INFO : [G_PG] iter = 19, average_train_NLL = 1.8463
2018-08-25 14:05:58,655 : INFO : [D] iter = 19, step = 0, epoch = 1, average_loss = 0.2800, train_acc = 0.9995, val_acc = 0.9982
2018-08-25 14:07:04,824 : INFO : [D] iter = 19, step = 0, epoch = 2, average_loss = 0.2794, train_acc = 0.9995, val_acc = 0.9981
2018-08-25 14:08:11,981 : INFO : [D] iter = 19, step = 0, epoch = 3, average_loss = 0.2795, train_acc = 0.9995, val_acc = 0.9981
2018-08-25 14:12:29,423 : INFO : [D] iter = 19, step = 1, epoch = 1, average_loss = 0.2800, train_acc = 0.9990, val_acc = 0.9982
2018-08-25 14:13:32,870 : INFO : [D] iter = 19, step = 1, epoch = 2, average_loss = 0.2795, train_acc = 0.9990, val_acc = 0.9982
2018-08-25 14:14:38,104 : INFO : [D] iter = 19, step = 1, epoch = 3, average_loss = 0.2792, train_acc = 0.9991, val_acc = 0.9982
2018-08-25 14:18:54,946 : INFO : [D] iter = 19, step = 2, epoch = 1, average_loss = 0.2820, train_acc = 0.9989, val_acc = 0.9981
2018-08-25 14:20:00,055 : INFO : [D] iter = 19, step = 2, epoch = 2, average_loss = 0.2814, train_acc = 0.9990, val_acc = 0.9981
2018-08-25 14:21:04,161 : INFO : [D] iter = 19, step = 2, epoch = 3, average_loss = 0.2812, train_acc = 0.9991, val_acc = 0.9981
2018-08-25 14:21:18,430 : INFO : [G_PG] iter = 20, average_train_NLL = 2.4279
2018-08-25 14:26:31,137 : INFO : [D] iter = 20, step = 0, epoch = 1, average_loss = 0.2815, train_acc = 0.9991, val_acc = 0.9995
2018-08-25 14:27:44,313 : INFO : [D] iter = 20, step = 0, epoch = 2, average_loss = 0.2810, train_acc = 0.9992, val_acc = 0.9995
2018-08-25 14:28:53,249 : INFO : [D] iter = 20, step = 0, epoch = 3, average_loss = 0.2807, train_acc = 0.9992, val_acc = 0.9995
2018-08-25 14:33:17,699 : INFO : [D] iter = 20, step = 1, epoch = 1, average_loss = 0.2818, train_acc = 0.9989, val_acc = 0.9995
2018-08-25 14:34:26,276 : INFO : [D] iter = 20, step = 1, epoch = 2, average_loss = 0.2816, train_acc = 0.9990, val_acc = 0.9995
2018-08-25 14:35:37,777 : INFO : [D] iter = 20, step = 1, epoch = 3, average_loss = 0.2813, train_acc = 0.9990, val_acc = 0.9995
2018-08-25 14:40:03,548 : INFO : [D] iter = 20, step = 2, epoch = 1, average_loss = 0.2800, train_acc = 0.9991, val_acc = 0.9995
2018-08-25 14:41:13,709 : INFO : [D] iter = 20, step = 2, epoch = 2, average_loss = 0.2798, train_acc = 0.9991, val_acc = 0.9995
2018-08-25 14:42:24,016 : INFO : [D] iter = 20, step = 2, epoch = 3, average_loss = 0.2795, train_acc = 0.9991, val_acc = 0.9995
2018-08-25 14:42:38,367 : INFO : [G_PG] iter = 21, average_train_NLL = 1.7011
2018-08-25 14:47:59,536 : INFO : [D] iter = 21, step = 0, epoch = 1, average_loss = 0.2808, train_acc = 0.9995, val_acc = 0.9990
2018-08-25 14:49:11,063 : INFO : [D] iter = 21, step = 0, epoch = 2, average_loss = 0.2803, train_acc = 0.9995, val_acc = 0.9990
2018-08-25 14:50:24,443 : INFO : [D] iter = 21, step = 0, epoch = 3, average_loss = 0.2800, train_acc = 0.9995, val_acc = 0.9990
2018-08-25 14:54:51,026 : INFO : [D] iter = 21, step = 1, epoch = 1, average_loss = 0.2813, train_acc = 0.9987, val_acc = 0.9991
2018-08-25 14:55:58,114 : INFO : [D] iter = 21, step = 1, epoch = 2, average_loss = 0.2807, train_acc = 0.9988, val_acc = 0.9991
2018-08-25 14:57:10,259 : INFO : [D] iter = 21, step = 1, epoch = 3, average_loss = 0.2806, train_acc = 0.9988, val_acc = 0.9991
2018-08-25 15:01:35,128 : INFO : [D] iter = 21, step = 2, epoch = 1, average_loss = 0.2812, train_acc = 0.9988, val_acc = 0.9992
2018-08-25 15:02:45,183 : INFO : [D] iter = 21, step = 2, epoch = 2, average_loss = 0.2805, train_acc = 0.9988, val_acc = 0.9992
2018-08-25 15:03:53,748 : INFO : [D] iter = 21, step = 2, epoch = 3, average_loss = 0.2801, train_acc = 0.9989, val_acc = 0.9992
2018-08-25 15:04:08,266 : INFO : [G_PG] iter = 22, average_train_NLL = 2.2109
2018-08-25 15:09:29,623 : INFO : [D] iter = 22, step = 0, epoch = 1, average_loss = 0.2807, train_acc = 0.9995, val_acc = 0.9975
2018-08-25 15:10:40,193 : INFO : [D] iter = 22, step = 0, epoch = 2, average_loss = 0.2801, train_acc = 0.9995, val_acc = 0.9975
2018-08-25 15:11:54,888 : INFO : [D] iter = 22, step = 0, epoch = 3, average_loss = 0.2798, train_acc = 0.9995, val_acc = 0.9975
2018-08-25 15:16:18,648 : INFO : [D] iter = 22, step = 1, epoch = 1, average_loss = 0.2815, train_acc = 0.9985, val_acc = 0.9976
2018-08-25 15:17:30,377 : INFO : [D] iter = 22, step = 1, epoch = 2, average_loss = 0.2811, train_acc = 0.9986, val_acc = 0.9976
2018-08-25 15:18:40,151 : INFO : [D] iter = 22, step = 1, epoch = 3, average_loss = 0.2810, train_acc = 0.9986, val_acc = 0.9977
2018-08-25 15:23:18,814 : INFO : [D] iter = 22, step = 2, epoch = 1, average_loss = 0.2807, train_acc = 0.9994, val_acc = 0.9976
2018-08-25 15:24:36,013 : INFO : [D] iter = 22, step = 2, epoch = 2, average_loss = 0.2803, train_acc = 0.9995, val_acc = 0.9975
2018-08-25 15:25:50,644 : INFO : [D] iter = 22, step = 2, epoch = 3, average_loss = 0.2801, train_acc = 0.9995, val_acc = 0.9974
2018-08-25 15:26:04,986 : INFO : [G_PG] iter = 23, average_train_NLL = 1.8297
2018-08-25 15:31:27,962 : INFO : [D] iter = 23, step = 0, epoch = 1, average_loss = 0.2798, train_acc = 0.9993, val_acc = 0.9979
2018-08-25 15:32:44,765 : INFO : [D] iter = 23, step = 0, epoch = 2, average_loss = 0.2794, train_acc = 0.9993, val_acc = 0.9979
2018-08-25 15:34:03,161 : INFO : [D] iter = 23, step = 0, epoch = 3, average_loss = 0.2792, train_acc = 0.9994, val_acc = 0.9981
2018-08-25 15:38:31,591 : INFO : [D] iter = 23, step = 1, epoch = 1, average_loss = 0.2800, train_acc = 0.9989, val_acc = 0.9977
2018-08-25 15:39:43,566 : INFO : [D] iter = 23, step = 1, epoch = 2, average_loss = 0.2796, train_acc = 0.9990, val_acc = 0.9977
2018-08-25 15:40:54,206 : INFO : [D] iter = 23, step = 1, epoch = 3, average_loss = 0.2795, train_acc = 0.9991, val_acc = 0.9977
2018-08-25 15:45:38,369 : INFO : [D] iter = 23, step = 2, epoch = 1, average_loss = 0.2787, train_acc = 0.9995, val_acc = 0.9981
2018-08-25 15:46:55,858 : INFO : [D] iter = 23, step = 2, epoch = 2, average_loss = 0.2784, train_acc = 0.9995, val_acc = 0.9982
2018-08-25 15:48:12,632 : INFO : [D] iter = 23, step = 2, epoch = 3, average_loss = 0.2782, train_acc = 0.9995, val_acc = 0.9982
2018-08-25 15:48:27,069 : INFO : [G_PG] iter = 24, average_train_NLL = 2.0140
2018-08-25 15:53:34,752 : INFO : [D] iter = 24, step = 0, epoch = 1, average_loss = 0.2804, train_acc = 0.9988, val_acc = 0.9993
2018-08-25 15:54:46,273 : INFO : [D] iter = 24, step = 0, epoch = 2, average_loss = 0.2799, train_acc = 0.9988, val_acc = 0.9993
2018-08-25 15:56:00,724 : INFO : [D] iter = 24, step = 0, epoch = 3, average_loss = 0.2796, train_acc = 0.9989, val_acc = 0.9993
2018-08-25 16:00:44,314 : INFO : [D] iter = 24, step = 1, epoch = 1, average_loss = 0.2801, train_acc = 0.9995, val_acc = 0.9992
2018-08-25 16:02:03,172 : INFO : [D] iter = 24, step = 1, epoch = 2, average_loss = 0.2797, train_acc = 0.9996, val_acc = 0.9992
2018-08-25 16:03:18,993 : INFO : [D] iter = 24, step = 1, epoch = 3, average_loss = 0.2794, train_acc = 0.9996, val_acc = 0.9992
2018-08-25 16:07:58,964 : INFO : [D] iter = 24, step = 2, epoch = 1, average_loss = 0.2797, train_acc = 0.9993, val_acc = 0.9992
2018-08-25 16:09:12,361 : INFO : [D] iter = 24, step = 2, epoch = 2, average_loss = 0.2793, train_acc = 0.9994, val_acc = 0.9992
2018-08-25 16:10:29,417 : INFO : [D] iter = 24, step = 2, epoch = 3, average_loss = 0.2791, train_acc = 0.9994, val_acc = 0.9992
2018-08-25 16:10:43,841 : INFO : [G_PG] iter = 25, average_train_NLL = 1.1380
2018-08-25 16:15:53,395 : INFO : [D] iter = 25, step = 0, epoch = 1, average_loss = 0.2819, train_acc = 0.9988, val_acc = 0.9994
2018-08-25 16:17:04,153 : INFO : [D] iter = 25, step = 0, epoch = 2, average_loss = 0.2817, train_acc = 0.9988, val_acc = 0.9994
2018-08-25 16:18:16,634 : INFO : [D] iter = 25, step = 0, epoch = 3, average_loss = 0.2813, train_acc = 0.9988, val_acc = 0.9994
2018-08-25 16:22:41,798 : INFO : [D] iter = 25, step = 1, epoch = 1, average_loss = 0.2807, train_acc = 0.9987, val_acc = 0.9994
2018-08-25 16:23:52,222 : INFO : [D] iter = 25, step = 1, epoch = 2, average_loss = 0.2801, train_acc = 0.9988, val_acc = 0.9994
2018-08-25 16:25:04,345 : INFO : [D] iter = 25, step = 1, epoch = 3, average_loss = 0.2801, train_acc = 0.9988, val_acc = 0.9994
2018-08-25 16:29:29,362 : INFO : [D] iter = 25, step = 2, epoch = 1, average_loss = 0.2807, train_acc = 0.9989, val_acc = 0.9994
2018-08-25 16:30:40,972 : INFO : [D] iter = 25, step = 2, epoch = 2, average_loss = 0.2802, train_acc = 0.9989, val_acc = 0.9994
2018-08-25 16:31:52,243 : INFO : [D] iter = 25, step = 2, epoch = 3, average_loss = 0.2800, train_acc = 0.9989, val_acc = 0.9994
2018-08-25 16:32:06,473 : INFO : [G_PG] iter = 26, average_train_NLL = 1.2314
2018-08-25 16:37:11,425 : INFO : [D] iter = 26, step = 0, epoch = 1, average_loss = 0.2816, train_acc = 0.9986, val_acc = 0.9990
2018-08-25 16:38:21,070 : INFO : [D] iter = 26, step = 0, epoch = 2, average_loss = 0.2812, train_acc = 0.9987, val_acc = 0.9990
2018-08-25 16:39:31,937 : INFO : [D] iter = 26, step = 0, epoch = 3, average_loss = 0.2810, train_acc = 0.9987, val_acc = 0.9990
2018-08-25 16:44:12,001 : INFO : [D] iter = 26, step = 1, epoch = 1, average_loss = 0.2796, train_acc = 0.9993, val_acc = 0.9990
2018-08-25 16:45:24,585 : INFO : [D] iter = 26, step = 1, epoch = 2, average_loss = 0.2794, train_acc = 0.9992, val_acc = 0.9991
2018-08-25 16:46:35,589 : INFO : [D] iter = 26, step = 1, epoch = 3, average_loss = 0.2792, train_acc = 0.9993, val_acc = 0.9991
2018-08-25 16:51:13,976 : INFO : [D] iter = 26, step = 2, epoch = 1, average_loss = 0.2807, train_acc = 0.9993, val_acc = 0.9989
2018-08-25 16:52:27,455 : INFO : [D] iter = 26, step = 2, epoch = 2, average_loss = 0.2806, train_acc = 0.9993, val_acc = 0.9989
2018-08-25 16:53:39,638 : INFO : [D] iter = 26, step = 2, epoch = 3, average_loss = 0.2802, train_acc = 0.9994, val_acc = 0.9988
2018-08-25 16:53:54,059 : INFO : [G_PG] iter = 27, average_train_NLL = 1.4777
2018-08-25 16:58:59,472 : INFO : [D] iter = 27, step = 0, epoch = 1, average_loss = 0.2810, train_acc = 0.9987, val_acc = 0.9972
2018-08-25 17:00:09,944 : INFO : [D] iter = 27, step = 0, epoch = 2, average_loss = 0.2806, train_acc = 0.9987, val_acc = 0.9972
2018-08-25 17:01:19,969 : INFO : [D] iter = 27, step = 0, epoch = 3, average_loss = 0.2804, train_acc = 0.9988, val_acc = 0.9972
2018-08-25 17:06:17,441 : INFO : [D] iter = 27, step = 1, epoch = 1, average_loss = 0.2797, train_acc = 0.9993, val_acc = 0.9972
2018-08-25 17:07:53,292 : INFO : [D] iter = 27, step = 1, epoch = 2, average_loss = 0.2794, train_acc = 0.9993, val_acc = 0.9974
2018-08-25 17:09:30,015 : INFO : [D] iter = 27, step = 1, epoch = 3, average_loss = 0.2792, train_acc = 0.9994, val_acc = 0.9974
2018-08-25 17:14:18,901 : INFO : [D] iter = 27, step = 2, epoch = 1, average_loss = 0.2808, train_acc = 0.9990, val_acc = 0.9974
2018-08-25 17:15:51,581 : INFO : [D] iter = 27, step = 2, epoch = 2, average_loss = 0.2804, train_acc = 0.9990, val_acc = 0.9974
2018-08-25 17:17:26,899 : INFO : [D] iter = 27, step = 2, epoch = 3, average_loss = 0.2803, train_acc = 0.9990, val_acc = 0.9974
2018-08-25 17:17:41,369 : INFO : [G_PG] iter = 28, average_train_NLL = 1.6675
2018-08-25 17:23:29,585 : INFO : [D] iter = 28, step = 0, epoch = 1, average_loss = 0.2795, train_acc = 0.9994, val_acc = 0.9991
2018-08-25 17:25:04,935 : INFO : [D] iter = 28, step = 0, epoch = 2, average_loss = 0.2790, train_acc = 0.9994, val_acc = 0.9991
2018-08-25 17:26:45,538 : INFO : [D] iter = 28, step = 0, epoch = 3, average_loss = 0.2787, train_acc = 0.9994, val_acc = 0.9991
2018-08-25 17:31:32,315 : INFO : [D] iter = 28, step = 1, epoch = 1, average_loss = 0.2813, train_acc = 0.9988, val_acc = 0.9992
2018-08-25 17:33:05,704 : INFO : [D] iter = 28, step = 1, epoch = 2, average_loss = 0.2810, train_acc = 0.9987, val_acc = 0.9992
2018-08-25 17:34:37,670 : INFO : [D] iter = 28, step = 1, epoch = 3, average_loss = 0.2808, train_acc = 0.9988, val_acc = 0.9991
2018-08-25 17:39:16,694 : INFO : [D] iter = 28, step = 2, epoch = 1, average_loss = 0.2801, train_acc = 0.9991, val_acc = 0.9991
2018-08-25 17:40:31,117 : INFO : [D] iter = 28, step = 2, epoch = 2, average_loss = 0.2798, train_acc = 0.9991, val_acc = 0.9991
2018-08-25 17:41:42,693 : INFO : [D] iter = 28, step = 2, epoch = 3, average_loss = 0.2796, train_acc = 0.9991, val_acc = 0.9991
2018-08-25 17:41:57,183 : INFO : [G_PG] iter = 29, average_train_NLL = 1.6012
2018-08-25 17:47:18,154 : INFO : [D] iter = 29, step = 0, epoch = 1, average_loss = 0.2800, train_acc = 0.9992, val_acc = 0.9992
2018-08-25 17:48:31,811 : INFO : [D] iter = 29, step = 0, epoch = 2, average_loss = 0.2797, train_acc = 0.9992, val_acc = 0.9992
2018-08-25 17:49:44,852 : INFO : [D] iter = 29, step = 0, epoch = 3, average_loss = 0.2794, train_acc = 0.9992, val_acc = 0.9992
2018-08-25 17:54:11,728 : INFO : [D] iter = 29, step = 1, epoch = 1, average_loss = 0.2795, train_acc = 0.9991, val_acc = 0.9992
2018-08-25 17:55:21,079 : INFO : [D] iter = 29, step = 1, epoch = 2, average_loss = 0.2791, train_acc = 0.9991, val_acc = 0.9992
2018-08-25 17:56:29,885 : INFO : [D] iter = 29, step = 1, epoch = 3, average_loss = 0.2788, train_acc = 0.9992, val_acc = 0.9992
2018-08-25 18:01:12,190 : INFO : [D] iter = 29, step = 2, epoch = 1, average_loss = 0.2802, train_acc = 0.9991, val_acc = 0.9992
2018-08-25 18:02:25,670 : INFO : [D] iter = 29, step = 2, epoch = 2, average_loss = 0.2799, train_acc = 0.9992, val_acc = 0.9992
2018-08-25 18:03:40,512 : INFO : [D] iter = 29, step = 2, epoch = 3, average_loss = 0.2795, train_acc = 0.9992, val_acc = 0.9992
2018-08-25 18:03:54,947 : INFO : [G_PG] iter = 30, average_train_NLL = 1.2052
2018-08-25 18:09:15,683 : INFO : [D] iter = 30, step = 0, epoch = 1, average_loss = 0.2800, train_acc = 0.9993, val_acc = 0.9992
2018-08-25 18:10:27,675 : INFO : [D] iter = 30, step = 0, epoch = 2, average_loss = 0.2798, train_acc = 0.9994, val_acc = 0.9992
2018-08-25 18:11:38,142 : INFO : [D] iter = 30, step = 0, epoch = 3, average_loss = 0.2794, train_acc = 0.9994, val_acc = 0.9992
2018-08-25 18:16:22,154 : INFO : [D] iter = 30, step = 1, epoch = 1, average_loss = 0.2800, train_acc = 0.9992, val_acc = 0.9992
2018-08-25 18:17:52,619 : INFO : [D] iter = 30, step = 1, epoch = 2, average_loss = 0.2799, train_acc = 0.9992, val_acc = 0.9992
2018-08-25 18:19:23,353 : INFO : [D] iter = 30, step = 1, epoch = 3, average_loss = 0.2797, train_acc = 0.9992, val_acc = 0.9992
2018-08-25 18:24:26,606 : INFO : [D] iter = 30, step = 2, epoch = 1, average_loss = 0.2809, train_acc = 0.9994, val_acc = 0.9992
2018-08-25 18:26:06,457 : INFO : [D] iter = 30, step = 2, epoch = 2, average_loss = 0.2805, train_acc = 0.9994, val_acc = 0.9992
2018-08-25 18:27:46,030 : INFO : [D] iter = 30, step = 2, epoch = 3, average_loss = 0.2804, train_acc = 0.9994, val_acc = 0.9992
2018-08-25 18:28:00,626 : INFO : [G_PG] iter = 31, average_train_NLL = 1.1931
2018-08-25 18:33:41,743 : INFO : [D] iter = 31, step = 0, epoch = 1, average_loss = 0.2793, train_acc = 0.9995, val_acc = 0.9988
2018-08-25 18:35:13,857 : INFO : [D] iter = 31, step = 0, epoch = 2, average_loss = 0.2790, train_acc = 0.9995, val_acc = 0.9988
2018-08-25 18:36:43,782 : INFO : [D] iter = 31, step = 0, epoch = 3, average_loss = 0.2787, train_acc = 0.9995, val_acc = 0.9988
2018-08-25 18:41:34,186 : INFO : [D] iter = 31, step = 1, epoch = 1, average_loss = 0.2798, train_acc = 0.9994, val_acc = 0.9989
2018-08-25 18:43:10,340 : INFO : [D] iter = 31, step = 1, epoch = 2, average_loss = 0.2794, train_acc = 0.9994, val_acc = 0.9988
2018-08-25 18:44:41,403 : INFO : [D] iter = 31, step = 1, epoch = 3, average_loss = 0.2793, train_acc = 0.9994, val_acc = 0.9988
2018-08-25 18:49:22,917 : INFO : [D] iter = 31, step = 2, epoch = 1, average_loss = 0.2791, train_acc = 0.9990, val_acc = 0.9988
2018-08-25 18:50:54,754 : INFO : [D] iter = 31, step = 2, epoch = 2, average_loss = 0.2787, train_acc = 0.9991, val_acc = 0.9988
2018-08-25 18:52:25,681 : INFO : [D] iter = 31, step = 2, epoch = 3, average_loss = 0.2785, train_acc = 0.9992, val_acc = 0.9988
2018-08-25 18:52:40,317 : INFO : [G_PG] iter = 32, average_train_NLL = 1.0252
2018-08-25 18:58:03,321 : INFO : [D] iter = 32, step = 0, epoch = 1, average_loss = 0.2791, train_acc = 0.9995, val_acc = 0.9992
2018-08-25 18:59:18,063 : INFO : [D] iter = 32, step = 0, epoch = 2, average_loss = 0.2787, train_acc = 0.9995, val_acc = 0.9992
2018-08-25 19:00:30,753 : INFO : [D] iter = 32, step = 0, epoch = 3, average_loss = 0.2785, train_acc = 0.9995, val_acc = 0.9992
2018-08-25 19:04:56,743 : INFO : [D] iter = 32, step = 1, epoch = 1, average_loss = 0.2792, train_acc = 0.9994, val_acc = 0.9994
2018-08-25 19:06:07,442 : INFO : [D] iter = 32, step = 1, epoch = 2, average_loss = 0.2789, train_acc = 0.9994, val_acc = 0.9994
2018-08-25 19:07:15,215 : INFO : [D] iter = 32, step = 1, epoch = 3, average_loss = 0.2786, train_acc = 0.9994, val_acc = 0.9994
2018-08-25 19:11:52,172 : INFO : [D] iter = 32, step = 2, epoch = 1, average_loss = 0.2799, train_acc = 0.9996, val_acc = 0.9994
2018-08-25 19:13:03,929 : INFO : [D] iter = 32, step = 2, epoch = 2, average_loss = 0.2796, train_acc = 0.9996, val_acc = 0.9993
2018-08-25 19:14:16,632 : INFO : [D] iter = 32, step = 2, epoch = 3, average_loss = 0.2793, train_acc = 0.9996, val_acc = 0.9993
2018-08-25 19:14:31,021 : INFO : [G_PG] iter = 33, average_train_NLL = 1.1609
2018-08-25 19:19:43,604 : INFO : [D] iter = 33, step = 0, epoch = 1, average_loss = 0.2793, train_acc = 0.9996, val_acc = 0.9992
2018-08-25 19:21:15,658 : INFO : [D] iter = 33, step = 0, epoch = 2, average_loss = 0.2788, train_acc = 0.9996, val_acc = 0.9993
2018-08-25 19:22:47,277 : INFO : [D] iter = 33, step = 0, epoch = 3, average_loss = 0.2788, train_acc = 0.9996, val_acc = 0.9993
2018-08-25 19:27:51,839 : INFO : [D] iter = 33, step = 1, epoch = 1, average_loss = 0.2784, train_acc = 0.9996, val_acc = 0.9993
2018-08-25 19:29:34,891 : INFO : [D] iter = 33, step = 1, epoch = 2, average_loss = 0.2781, train_acc = 0.9996, val_acc = 0.9993
2018-08-25 19:31:15,993 : INFO : [D] iter = 33, step = 1, epoch = 3, average_loss = 0.2780, train_acc = 0.9996, val_acc = 0.9993
2018-08-25 19:36:25,192 : INFO : [D] iter = 33, step = 2, epoch = 1, average_loss = 0.2800, train_acc = 0.9997, val_acc = 0.9993
2018-08-25 19:38:06,816 : INFO : [D] iter = 33, step = 2, epoch = 2, average_loss = 0.2798, train_acc = 0.9997, val_acc = 0.9993
2018-08-25 19:39:51,457 : INFO : [D] iter = 33, step = 2, epoch = 3, average_loss = 0.2794, train_acc = 0.9997, val_acc = 0.9993
2018-08-25 19:40:06,006 : INFO : [G_PG] iter = 34, average_train_NLL = 0.8753
2018-08-25 19:45:41,226 : INFO : [D] iter = 34, step = 0, epoch = 1, average_loss = 0.2795, train_acc = 0.9996, val_acc = 0.9992
2018-08-25 19:47:15,457 : INFO : [D] iter = 34, step = 0, epoch = 2, average_loss = 0.2793, train_acc = 0.9996, val_acc = 0.9992
2018-08-25 19:48:48,724 : INFO : [D] iter = 34, step = 0, epoch = 3, average_loss = 0.2789, train_acc = 0.9996, val_acc = 0.9992
2018-08-25 19:53:52,387 : INFO : [D] iter = 34, step = 1, epoch = 1, average_loss = 0.2795, train_acc = 0.9997, val_acc = 0.9993
2018-08-25 19:55:28,972 : INFO : [D] iter = 34, step = 1, epoch = 2, average_loss = 0.2792, train_acc = 0.9997, val_acc = 0.9992
2018-08-25 19:57:05,883 : INFO : [D] iter = 34, step = 1, epoch = 3, average_loss = 0.2791, train_acc = 0.9997, val_acc = 0.9992
2018-08-25 20:01:46,029 : INFO : [D] iter = 34, step = 2, epoch = 1, average_loss = 0.2794, train_acc = 0.9997, val_acc = 0.9992
2018-08-25 20:02:58,313 : INFO : [D] iter = 34, step = 2, epoch = 2, average_loss = 0.2790, train_acc = 0.9997, val_acc = 0.9992
2018-08-25 20:04:14,025 : INFO : [D] iter = 34, step = 2, epoch = 3, average_loss = 0.2790, train_acc = 0.9997, val_acc = 0.9993
2018-08-25 20:04:28,870 : INFO : [G_PG] iter = 35, average_train_NLL = 1.2716
2018-08-25 20:09:37,851 : INFO : [D] iter = 35, step = 0, epoch = 1, average_loss = 0.2794, train_acc = 0.9997, val_acc = 0.9994
2018-08-25 20:10:50,254 : INFO : [D] iter = 35, step = 0, epoch = 2, average_loss = 0.2791, train_acc = 0.9997, val_acc = 0.9994
2018-08-25 20:12:02,157 : INFO : [D] iter = 35, step = 0, epoch = 3, average_loss = 0.2790, train_acc = 0.9997, val_acc = 0.9993
2018-08-25 20:16:41,172 : INFO : [D] iter = 35, step = 1, epoch = 1, average_loss = 0.2792, train_acc = 0.9997, val_acc = 0.9995
2018-08-25 20:17:50,784 : INFO : [D] iter = 35, step = 1, epoch = 2, average_loss = 0.2791, train_acc = 0.9997, val_acc = 0.9994
2018-08-25 20:19:05,214 : INFO : [D] iter = 35, step = 1, epoch = 3, average_loss = 0.2788, train_acc = 0.9997, val_acc = 0.9993
2018-08-25 20:23:44,860 : INFO : [D] iter = 35, step = 2, epoch = 1, average_loss = 0.2793, train_acc = 0.9998, val_acc = 0.9993
2018-08-25 20:24:57,141 : INFO : [D] iter = 35, step = 2, epoch = 2, average_loss = 0.2790, train_acc = 0.9997, val_acc = 0.9993
2018-08-25 20:26:07,795 : INFO : [D] iter = 35, step = 2, epoch = 3, average_loss = 0.2788, train_acc = 0.9997, val_acc = 0.9993
2018-08-25 20:26:22,350 : INFO : [G_PG] iter = 36, average_train_NLL = 1.1936
2018-08-25 20:32:01,131 : INFO : [D] iter = 36, step = 0, epoch = 1, average_loss = 0.2788, train_acc = 0.9997, val_acc = 0.9992
2018-08-25 20:33:35,552 : INFO : [D] iter = 36, step = 0, epoch = 2, average_loss = 0.2785, train_acc = 0.9997, val_acc = 0.9992
2018-08-25 20:35:14,972 : INFO : [D] iter = 36, step = 0, epoch = 3, average_loss = 0.2784, train_acc = 0.9997, val_acc = 0.9992
2018-08-25 20:40:02,581 : INFO : [D] iter = 36, step = 1, epoch = 1, average_loss = 0.2787, train_acc = 0.9996, val_acc = 0.9992
2018-08-25 20:41:36,566 : INFO : [D] iter = 36, step = 1, epoch = 2, average_loss = 0.2784, train_acc = 0.9997, val_acc = 0.9992
2018-08-25 20:43:10,088 : INFO : [D] iter = 36, step = 1, epoch = 3, average_loss = 0.2780, train_acc = 0.9997, val_acc = 0.9992
2018-08-25 20:48:14,247 : INFO : [D] iter = 36, step = 2, epoch = 1, average_loss = 0.2796, train_acc = 0.9997, val_acc = 0.9992
2018-08-25 20:49:54,373 : INFO : [D] iter = 36, step = 2, epoch = 2, average_loss = 0.2792, train_acc = 0.9997, val_acc = 0.9992
2018-08-25 20:51:32,987 : INFO : [D] iter = 36, step = 2, epoch = 3, average_loss = 0.2790, train_acc = 0.9997, val_acc = 0.9992
2018-08-25 20:51:47,407 : INFO : [G_PG] iter = 37, average_train_NLL = 1.1544
2018-08-25 20:57:26,710 : INFO : [D] iter = 37, step = 0, epoch = 1, average_loss = 0.2800, train_acc = 0.9997, val_acc = 0.9999
2018-08-25 20:59:03,066 : INFO : [D] iter = 37, step = 0, epoch = 2, average_loss = 0.2798, train_acc = 0.9997, val_acc = 0.9999
2018-08-25 21:00:38,833 : INFO : [D] iter = 37, step = 0, epoch = 3, average_loss = 0.2795, train_acc = 0.9997, val_acc = 0.9998
2018-08-25 21:05:15,803 : INFO : [D] iter = 37, step = 1, epoch = 1, average_loss = 0.2791, train_acc = 0.9997, val_acc = 0.9999
2018-08-25 21:06:29,176 : INFO : [D] iter = 37, step = 1, epoch = 2, average_loss = 0.2789, train_acc = 0.9997, val_acc = 0.9999
2018-08-25 21:07:42,036 : INFO : [D] iter = 37, step = 1, epoch = 3, average_loss = 0.2787, train_acc = 0.9998, val_acc = 0.9999
2018-08-25 21:12:10,208 : INFO : [D] iter = 37, step = 2, epoch = 1, average_loss = 0.2797, train_acc = 0.9998, val_acc = 0.9999
2018-08-25 21:13:21,433 : INFO : [D] iter = 37, step = 2, epoch = 2, average_loss = 0.2794, train_acc = 0.9998, val_acc = 0.9999
2018-08-25 21:14:31,470 : INFO : [D] iter = 37, step = 2, epoch = 3, average_loss = 0.2791, train_acc = 0.9998, val_acc = 0.9999
2018-08-25 21:14:45,938 : INFO : [G_PG] iter = 38, average_train_NLL = 1.3378
2018-08-25 21:20:04,687 : INFO : [D] iter = 38, step = 0, epoch = 1, average_loss = 0.2784, train_acc = 0.9998, val_acc = 0.9995
2018-08-25 21:21:16,641 : INFO : [D] iter = 38, step = 0, epoch = 2, average_loss = 0.2781, train_acc = 0.9998, val_acc = 0.9995
2018-08-25 21:22:28,823 : INFO : [D] iter = 38, step = 0, epoch = 3, average_loss = 0.2779, train_acc = 0.9998, val_acc = 0.9995
2018-08-25 21:26:56,512 : INFO : [D] iter = 38, step = 1, epoch = 1, average_loss = 0.2797, train_acc = 0.9998, val_acc = 0.9995
2018-08-25 21:28:07,559 : INFO : [D] iter = 38, step = 1, epoch = 2, average_loss = 0.2794, train_acc = 0.9999, val_acc = 0.9995
2018-08-25 21:29:19,234 : INFO : [D] iter = 38, step = 1, epoch = 3, average_loss = 0.2793, train_acc = 0.9998, val_acc = 0.9995
2018-08-25 21:33:47,578 : INFO : [D] iter = 38, step = 2, epoch = 1, average_loss = 0.2783, train_acc = 0.9998, val_acc = 0.9995
2018-08-25 21:34:59,590 : INFO : [D] iter = 38, step = 2, epoch = 2, average_loss = 0.2779, train_acc = 0.9998, val_acc = 0.9995
2018-08-25 21:36:09,366 : INFO : [D] iter = 38, step = 2, epoch = 3, average_loss = 0.2778, train_acc = 0.9998, val_acc = 0.9995
2018-08-25 21:36:23,936 : INFO : [G_PG] iter = 39, average_train_NLL = 1.3042
2018-08-25 21:41:44,900 : INFO : [D] iter = 39, step = 0, epoch = 1, average_loss = 0.2793, train_acc = 0.9999, val_acc = 0.9997
2018-08-25 21:42:54,902 : INFO : [D] iter = 39, step = 0, epoch = 2, average_loss = 0.2790, train_acc = 0.9999, val_acc = 0.9997
2018-08-25 21:44:05,976 : INFO : [D] iter = 39, step = 0, epoch = 3, average_loss = 0.2789, train_acc = 0.9999, val_acc = 0.9997
2018-08-25 21:48:29,167 : INFO : [D] iter = 39, step = 1, epoch = 1, average_loss = 0.2783, train_acc = 0.9997, val_acc = 0.9997
2018-08-25 21:49:37,402 : INFO : [D] iter = 39, step = 1, epoch = 2, average_loss = 0.2780, train_acc = 0.9997, val_acc = 0.9998
2018-08-25 21:50:44,886 : INFO : [D] iter = 39, step = 1, epoch = 3, average_loss = 0.2777, train_acc = 0.9997, val_acc = 0.9998
2018-08-25 21:55:22,271 : INFO : [D] iter = 39, step = 2, epoch = 1, average_loss = 0.2789, train_acc = 0.9998, val_acc = 0.9998
2018-08-25 21:56:33,661 : INFO : [D] iter = 39, step = 2, epoch = 2, average_loss = 0.2785, train_acc = 0.9998, val_acc = 0.9998
2018-08-25 21:57:46,447 : INFO : [D] iter = 39, step = 2, epoch = 3, average_loss = 0.2785, train_acc = 0.9998, val_acc = 0.9998
